<?xml version="1.0" encoding="UTF-8"?>
<testsuite name="com.jerry.fun.rummibot.tiles.TileSetTest" tests="1" skipped="0" failures="0" errors="0" timestamp="2021-06-16T09:44:55" hostname="Jerrys-MacBook-Pro.local" time="0.015">
  <properties/>
  <testcase name="testDraw()" classname="com.jerry.fun.rummibot.tiles.TileSetTest" time="0.015"/>
  <system-out><![CDATA[]]></system-out>
  <system-err><![CDATA[]]></system-err>
</testsuite>
